[debug] [2020-05-19T11:08:20.472Z] ----------------------------------------------------------------------
[debug] [2020-05-19T11:08:20.477Z] Command:       C:\Program Files\nodejs\node.exe C:\Users\bintiwar\AppData\Roaming\npm\node_modules\firebase-tools\lib\bin\firebase.js init
[debug] [2020-05-19T11:08:20.478Z] CLI Version:   8.0.1
[debug] [2020-05-19T11:08:20.478Z] Platform:      win32
[debug] [2020-05-19T11:08:20.478Z] Node Version:  v12.16.1
[debug] [2020-05-19T11:08:20.480Z] Time:          Tue May 19 2020 16:38:20 GMT+0530 (India Standard Time)
[debug] [2020-05-19T11:08:20.481Z] ----------------------------------------------------------------------
[debug] [2020-05-19T11:08:20.481Z] 
[debug] [2020-05-19T11:08:20.504Z] > command requires scopes: ["email","openid","https://www.googleapis.com/auth/cloudplatformprojects.readonly","https://www.googleapis.com/auth/firebase","https://www.googleapis.com/auth/cloud-platform"]
[debug] [2020-05-19T11:08:20.505Z] > authorizing via signed-in user
[info] 
     ######## #### ########  ######## ########     ###     ######  ########
     ##        ##  ##     ## ##       ##     ##  ##   ##  ##       ##
     ######    ##  ########  ######   ########  #########  ######  ######
     ##        ##  ##    ##  ##       ##     ## ##     ##       ## ##
     ##       #### ##     ## ######## ########  ##     ##  ######  ########

You're about to initialize a Firebase project in this directory:

  C:\Users\bintiwar\Projects\shopping

[debug] [2020-05-19T11:13:38.935Z] ----------------------------------------------------------------------
[debug] [2020-05-19T11:13:38.937Z] Command:       C:\Program Files\nodejs\node.exe C:\Users\bintiwar\AppData\Roaming\npm\node_modules\firebase-tools\lib\bin\firebase.js init
[debug] [2020-05-19T11:13:38.938Z] CLI Version:   8.0.1
[debug] [2020-05-19T11:13:38.938Z] Platform:      win32
[debug] [2020-05-19T11:13:38.938Z] Node Version:  v12.16.1
[debug] [2020-05-19T11:13:38.939Z] Time:          Tue May 19 2020 16:43:38 GMT+0530 (India Standard Time)
[debug] [2020-05-19T11:13:38.940Z] ----------------------------------------------------------------------
[debug] [2020-05-19T11:13:38.940Z] 
[debug] [2020-05-19T11:13:38.949Z] > command requires scopes: ["email","openid","https://www.googleapis.com/auth/cloudplatformprojects.readonly","https://www.googleapis.com/auth/firebase","https://www.googleapis.com/auth/cloud-platform"]
[debug] [2020-05-19T11:13:38.950Z] > authorizing via signed-in user
[info] 
     ######## #### ########  ######## ########     ###     ######  ########
     ##        ##  ##     ## ##       ##     ##  ##   ##  ##       ##
     ######    ##  ########  ######   ########  #########  ######  ######
     ##        ##  ##    ##  ##       ##     ## ##     ##       ## ##
     ##       #### ##     ## ######## ########  ##     ##  ######  ########

You're about to initialize a Firebase project in this directory:

  C:\Users\bintiwar\Projects\shopping

[debug] [2020-05-19T11:16:18.744Z] ----------------------------------------------------------------------
[debug] [2020-05-19T11:16:18.747Z] Command:       C:\Program Files\nodejs\node.exe C:\Users\bintiwar\AppData\Roaming\npm\node_modules\firebase-tools\lib\bin\firebase.js init
[debug] [2020-05-19T11:16:18.747Z] CLI Version:   8.0.1
[debug] [2020-05-19T11:16:18.747Z] Platform:      win32
[debug] [2020-05-19T11:16:18.747Z] Node Version:  v12.16.1
[debug] [2020-05-19T11:16:18.749Z] Time:          Tue May 19 2020 16:46:18 GMT+0530 (India Standard Time)
[debug] [2020-05-19T11:16:18.749Z] ----------------------------------------------------------------------
[debug] [2020-05-19T11:16:18.749Z] 
[debug] [2020-05-19T11:16:18.763Z] > command requires scopes: ["email","openid","https://www.googleapis.com/auth/cloudplatformprojects.readonly","https://www.googleapis.com/auth/firebase","https://www.googleapis.com/auth/cloud-platform"]
[debug] [2020-05-19T11:16:18.764Z] > authorizing via signed-in user
[info] 
     ######## #### ########  ######## ########     ###     ######  ########
     ##        ##  ##     ## ##       ##     ##  ##   ##  ##       ##
     ######    ##  ########  ######   ########  #########  ######  ######
     ##        ##  ##    ##  ##       ##     ## ##     ##       ## ##
     ##       #### ##     ## ######## ########  ##     ##  ######  ########

You're about to initialize a Firebase project in this directory:

  C:\Users\bintiwar\Projects\shopping

[info] 
=== Project Setup
[info] 
[info] First, let's associate this project directory with a Firebase project.
[info] You can create multiple project aliases by running firebase use --add, 
[info] but for now we'll just set up a default project.
[info] 
[debug] [2020-05-19T11:17:50.170Z] ----------------------------------------------------------------------
[debug] [2020-05-19T11:17:50.175Z] Command:       C:\Program Files\nodejs\node.exe C:\Users\bintiwar\AppData\Roaming\npm\node_modules\firebase-tools\lib\bin\firebase.js init
[debug] [2020-05-19T11:17:50.176Z] CLI Version:   8.0.1
[debug] [2020-05-19T11:17:50.176Z] Platform:      win32
[debug] [2020-05-19T11:17:50.176Z] Node Version:  v12.16.1
[debug] [2020-05-19T11:17:50.178Z] Time:          Tue May 19 2020 16:47:50 GMT+0530 (India Standard Time)
[debug] [2020-05-19T11:17:50.178Z] ----------------------------------------------------------------------
[debug] [2020-05-19T11:17:50.178Z] 
[debug] [2020-05-19T11:17:50.191Z] > command requires scopes: ["email","openid","https://www.googleapis.com/auth/cloudplatformprojects.readonly","https://www.googleapis.com/auth/firebase","https://www.googleapis.com/auth/cloud-platform"]
[debug] [2020-05-19T11:17:50.192Z] > authorizing via signed-in user
[info] 
     ######## #### ########  ######## ########     ###     ######  ########
     ##        ##  ##     ## ##       ##     ##  ##   ##  ##       ##
     ######    ##  ########  ######   ########  #########  ######  ######
     ##        ##  ##    ##  ##       ##     ## ##     ##       ## ##
     ##       #### ##     ## ######## ########  ##     ##  ######  ########

You're about to initialize a Firebase project in this directory:

  C:\Users\bintiwar\Projects\shopping

[info] 
=== Project Setup
[info] 
[info] First, let's associate this project directory with a Firebase project.
[info] You can create multiple project aliases by running firebase use --add, 
[info] but for now we'll just set up a default project.
[info] 
